<?xml version="1.0" encoding="UTF-8"?>
<testng-results ignored="0" total="3" passed="3" failed="0" skipped="0">
  <reporter-output>
    <line>
      <![CDATA[hello java]]>
    </line>
    <line>
      <![CDATA[hello selenium]]>
    </line>
    <line>
      <![CDATA[hello jenkins]]>
    </line>
  </reporter-output>
  <suite started-at="2022-08-06T21:37:23 IST" name="Suite" finished-at="2022-08-06T21:37:23 IST" duration-ms="40">
    <groups>
    </groups>
    <test started-at="2022-08-06T21:37:23 IST" name="Test" finished-at="2022-08-06T21:37:23 IST" duration-ms="40">
      <class name="scripts.test1">
        <test-method signature="tc1()[pri:0, instance:scripts.test1@306f16f3]" started-at="2022-08-06T21:37:23 IST" name="tc1" finished-at="2022-08-06T21:37:23 IST" duration-ms="6" status="PASS">
          <reporter-output>
            <line>
              <![CDATA[hello java]]>
            </line>
          </reporter-output>
        </test-method> <!-- tc1 -->
      </class> <!-- scripts.test1 -->
      <class name="scripts.test2">
        <test-method signature="tc2()[pri:0, instance:scripts.test2@6babf3bf]" started-at="2022-08-06T21:37:23 IST" name="tc2" finished-at="2022-08-06T21:37:23 IST" duration-ms="1" status="PASS">
          <reporter-output>
            <line>
              <![CDATA[hello selenium]]>
            </line>
          </reporter-output>
        </test-method> <!-- tc2 -->
      </class> <!-- scripts.test2 -->
      <class name="scripts.test3">
        <test-method signature="tc3()[pri:0, instance:scripts.test3@3059cbc]" started-at="2022-08-06T21:37:23 IST" name="tc3" finished-at="2022-08-06T21:37:23 IST" duration-ms="0" status="PASS">
          <reporter-output>
            <line>
              <![CDATA[hello jenkins]]>
            </line>
          </reporter-output>
        </test-method> <!-- tc3 -->
      </class> <!-- scripts.test3 -->
    </test> <!-- Test -->
  </suite> <!-- Suite -->
</testng-results>
